<?xml version="1.0" encoding="UTF-8"?>
<coverage generated="1637385959747" clover="3.2.0">
  <project timestamp="1637385959747" name="All files">
    <metrics statements="11" coveredstatements="8" conditionals="10" coveredconditionals="4" methods="3" coveredmethods="2" elements="24" coveredelements="14" complexity="0" loc="11" ncloc="11" packages="1" files="2" classes="2"/>
    <file name="checkArgumentsForDuplicates.js" path="/Users/aleksejlevko/Desktop/work/projects/rs-school-nodejs/checkArgumentsForDuplicates.js">
      <metrics statements="5" coveredstatements="2" conditionals="6" coveredconditionals="0" methods="1" coveredmethods="0"/>
      <line num="1" count="1" type="stmt"/>
      <line num="3" count="1" type="stmt"/>
      <line num="4" count="0" type="cond" truecount="0" falsecount="2"/>
      <line num="5" count="0" type="cond" truecount="0" falsecount="2"/>
      <line num="6" count="0" type="cond" truecount="0" falsecount="2"/>
    </file>
    <file name="countElementsInArray.js" path="/Users/aleksejlevko/Desktop/work/projects/rs-school-nodejs/countElementsInArray.js">
      <metrics statements="6" coveredstatements="6" conditionals="4" coveredconditionals="4" methods="2" coveredmethods="2"/>
      <line num="1" count="2" type="stmt"/>
      <line num="2" count="5" type="cond" truecount="2" falsecount="0"/>
      <line num="3" count="1" type="stmt"/>
      <line num="6" count="4" type="cond" truecount="2" falsecount="0"/>
      <line num="7" count="1" type="stmt"/>
      <line num="10" count="12" type="stmt"/>
    </file>
  </project>
</coverage>
