TN:
SF:checkArgumentsForDuplicates.js
FN:3,(anonymous_0)
FNF:1
FNH:1
FNDA:4,(anonymous_0)
DA:1,1
DA:3,1
DA:4,4
DA:5,4
DA:6,4
LF:5
LH:5
BRDA:4,0,0,1
BRDA:4,0,1,3
BRDA:5,1,0,1
BRDA:5,1,1,3
BRDA:6,2,0,1
BRDA:6,2,1,3
BRF:6
BRH:6
end_of_record
TN:
SF:countElementsInArray.js
FN:1,(anonymous_0)
FN:10,(anonymous_1)
FNF:2
FNH:2
FNDA:17,(anonymous_0)
FNDA:72,(anonymous_1)
DA:1,2
DA:2,17
DA:3,1
DA:6,16
DA:7,1
DA:10,72
LF:6
LH:6
BRDA:2,0,0,1
BRDA:2,0,1,16
BRDA:6,1,0,1
BRDA:6,1,1,15
BRF:4
BRH:4
end_of_record
TN:
SF:transformAtbash.js
FN:1,(anonymous_0)
FN:4,(anonymous_1)
FNF:2
FNH:2
FNDA:3,(anonymous_0)
FNDA:87,(anonymous_1)
DA:1,1
DA:2,3
DA:3,3
DA:4,3
DA:5,87
DA:6,87
DA:7,28
DA:8,59
DA:9,51
DA:11,8
DA:14,3
LF:11
LH:11
BRDA:6,0,0,28
BRDA:6,0,1,59
BRDA:6,1,0,87
BRDA:6,1,1,79
BRDA:8,2,0,51
BRDA:8,2,1,8
BRDA:8,3,0,59
BRDA:8,3,1,51
BRF:8
BRH:8
end_of_record
TN:
SF:transformByShift.js
FN:1,(anonymous_0)
FN:6,(anonymous_1)
FN:10,(anonymous_2)
FNF:3
FNH:3
FNDA:4,(anonymous_0)
FNDA:120,(anonymous_1)
FNDA:164,(anonymous_2)
DA:1,1
DA:2,4
DA:3,4
DA:4,4
DA:6,4
DA:7,120
DA:10,4
DA:11,164
DA:12,164
DA:13,8
DA:14,156
DA:15,112
DA:17,44
DA:20,4
LF:14
LH:14
BRDA:3,0,0,2
BRDA:3,0,1,2
BRDA:12,1,0,8
BRDA:12,1,1,156
BRDA:12,2,0,164
BRDA:12,2,1,124
BRDA:14,3,0,112
BRDA:14,3,1,44
BRDA:14,4,0,156
BRDA:14,4,1,112
BRF:10
BRH:10
end_of_record
